<?xml version="1.0" encoding="UTF-8"?>
<!-- Generated by org.testng.reporters.JUnitXMLReporter -->
<testsuite ignored="0" hostname="PAWAN" failures="0" tests="2" name="Test" time="44.331" errors="0" timestamp="2021-11-08T13:38:06 IST">
  <testcase classname="com.crm.comcast.ContactTest.CreateContactTest" name="create_contact_test" time="11.131"/>
  <testcase classname="com.crm.comcast.ContactTest.CreateContactTest" name="create_contact_with_organization_test" time="13.787"/>
</testsuite> <!-- Test -->
