<?xml version="1.0" encoding="UTF-8"?>
<!-- Generated by org.testng.reporters.JUnitXMLReporter -->
<testsuite ignored="0" hostname="PAWAN" failures="0" tests="2" name="Test 1" time="75.104" errors="0" timestamp="2021-11-08T16:21:05 IST">
  <testcase classname="com.crm.comcast.ContactTest.CreateContactTest" name="create_contact_test" time="16.027"/>
  <testcase classname="com.crm.comcast.ContactTest.CreateContactTest" name="create_contact_with_organization_test" time="22.919"/>
</testsuite> <!-- Test 1 -->
