<?xml version="1.0" encoding="UTF-8"?>
<!-- Generated by org.testng.reporters.JUnitXMLReporter -->
<testsuite ignored="0" hostname="PAWAN" failures="0" tests="2" name="Test 2" time="71.308" errors="0" timestamp="2021-11-08T16:21:01 IST">
  <testcase classname="com.crm.comcast.ContactTest.CreateContactTest" name="create_contact_test" time="15.265"/>
  <testcase classname="com.crm.comcast.ContactTest.CreateContactTest" name="create_contact_with_organization_test" time="25.059"/>
</testsuite> <!-- Test 2 -->
